<?xml version="1.0" encoding="UTF-8"?>
<!-- Generated by org.testng.reporters.JUnitReportReporter -->
<testsuite hostname="Islam-PC" name="bb.Jenkin_Practice" tests="1" failures="0" timestamp="24 Nov 2016 00:42:58 GMT" time="4.760" errors="0">
  <testcase name="m" time="4.760" classname="bb.Jenkin_Practice"/>
</testsuite> <!-- bb.Jenkin_Practice -->
